<?xml version="1.0" encoding="UTF-8"?>
<!-- Generated by org.testng.reporters.JUnitReportReporter -->
<testsuite skipped="0" hostname="DESKTOP-IRUK9J8" name="dataProviderinTestNG.DataProviderTestNG" tests="1" failures="0" timestamp="2023-08-12T18:59:10 IST" time="1.931" errors="0">
  <testcase name="Login" time="1.931" classname="dataProviderinTestNG.DataProviderTestNG"/>
  <system-out/>
</testsuite> <!-- dataProviderinTestNG.DataProviderTestNG -->
